0:100  0:100  MemLog inited, TSC freq: 1990531900
0:100  0:000  CPU was calibrated with RTC
0:100  0:000  
0:100  0:000  Now is 11.12.2019,  17:40:45 (GMT)
0:100  0:000  Starting Clover revision: 5070 on INSYDE Corp. EFI
0:100  0:000  Build with: [Args: -D NO_GRUB_DRIVERS_EMBEDDED | -D NO_GRUB_DRIVERS_EMBEDDED -D USE_LOW_EBDA -a X64 -b RELEASE -t XCODE8 -n 5 | OS: 10.14.6 | XCODE: 10.3]
0:100  0:000  SelfDevicePath=PciRoot(0x0)\Pci(0x1D,0x0)\Pci(0x0,0x0)\NVMe(0x1,46-C2-B3-71-B9-38-25-00)\HD(1,GPT,69B44B8F-3BAF-4501-AB36-4A438BAD60F7,0x28,0x64000) @384DBBD8
0:100  0:000  SelfDirPath = \EFI\BOOT
0:101  0:000  SimpleTextEx Status=Success
0:101  0:000  === [ Get Smbios ] ========================================
0:101  0:000  Type 16 Index = 0
0:101  0:000  Total Memory Slots Count = 2
0:101  0:000  Type 17 Index = 0
0:101  0:000  SmbiosTable.Type17->Speed = 2400MHz
0:101  0:000  SmbiosTable.Type17->Size = 8192MB
0:101  0:000  SmbiosTable.Type17->Bank/Device = BANK 0 ChannelA-DIMM0
0:101  0:000  SmbiosTable.Type17->Vendor = Samsung
0:101  0:000  SmbiosTable.Type17->SerialNumber = 00000000
0:101  0:000  SmbiosTable.Type17->PartNumber = M471A1K43CB1-CRC    
0:101  0:000  Type 17 Index = 1
0:101  0:000  SmbiosTable.Type17->Speed = 2400MHz
0:101  0:000  SmbiosTable.Type17->Size = 8192MB
0:101  0:000  SmbiosTable.Type17->Bank/Device = BANK 2 ChannelB-DIMM0
0:101  0:000  SmbiosTable.Type17->Vendor = Samsung
0:101  0:000  SmbiosTable.Type17->SerialNumber = 00000000
0:101  0:000  SmbiosTable.Type17->PartNumber = M471A1K43CB1-CRC    
0:101  0:000  Boot status=0
0:101  0:000  Running on: '80Y7' with board 'LNVNB161216'
0:101  0:000  === [ GetCPUProperties ] ==================================
0:101  0:000  CPU Vendor = 756E6547 Model=806EA
0:101  0:000   The CPU supported SSE4.1
0:101  0:000  BrandString = Intel(R) Core(TM) i7-8550U CPU @ 1.80GHz
0:101  0:000   The CPU supported turbo
0:101  0:000  MSR 0x35               40008
0:101  0:000   TSC/CCC Information Leaf:
0:101  0:000    numerator     : 166
0:101  0:000    denominator   : 2
0:101  0:000   Calibrated ARTFrequency: 23982312
0:101  0:000   Rounded ARTFrequency: 24000000
0:101  0:000  MSR 0xE2 before patch 1E008008
0:101  0:000  MSR 0xE2 is locked, PM patches will be turned on
0:101  0:000  MSR 0xCE              0004043D_F1011400
0:101  0:000  corrected FLEX_RATIO = 0
0:101  0:000  MSR 0x1B0             00000000
0:101  0:000  FSBFrequency = 185 MHz, DMI FSBFrequency = 100 MHz, Corrected FSBFrequency = 100 MHz
0:101  0:000  MaxDiv/MinDiv: 20.0/4
0:101  0:000  Turbo: 37/37/40/40
0:101  0:000  Features: 0xBFEBFBFF
0:101  0:000  Threads: 8
0:101  0:000  Cores: 4
0:101  0:000  FSB: 100 MHz
0:101  0:000  CPU: 3700 MHz
0:101  0:000  TSC: 3700 MHz
0:101  0:000  PIS: 100 MHz
0:101  0:000  ExternalClock: 25 MHz
0:101  0:000  === [ GetDevices ] ========================================
0:101  0:000  GOP found at: <null string>
0:101  0:000  PCI (00|00:00.00) : 8086 5914 class=060000
0:101  0:000  PCI (00|00:02.00) : 8086 5917 class=030000
0:101  0:000   - GFX: Model=Intel UHD Graphics 620 (Intel)
0:101  0:000  PCI (00|00:04.00) : 8086 1903 class=118000
0:101  0:000  PCI (00|00:08.00) : 8086 1911 class=088000
0:101  0:000  PCI (00|00:14.00) : 8086 9D2F class=0C0330
0:101  0:000  PCI (00|00:14.02) : 8086 9D31 class=118000
0:101  0:000  PCI (00|00:15.00) : 8086 9D60 class=118000
0:101  0:000  PCI (00|00:15.01) : 8086 9D61 class=118000
0:101  0:000  PCI (00|00:15.03) : 8086 9D63 class=118000
0:101  0:000  PCI (00|00:16.00) : 8086 9D3A class=078000
0:101  0:000  PCI (00|00:19.00) : 8086 9D66 class=118000
0:101  0:000  PCI (00|00:1C.00) : 8086 9D10 class=060400
0:101  0:000  PCI (00|01:00.00) : 8086 15D3 class=060400
0:101  0:000  PCI (00|02:00.00) : 8086 15D3 class=060400
0:101  0:000  PCI (00|02:01.00) : 8086 15D3 class=060400
0:101  0:000  PCI (00|02:02.00) : 8086 15D3 class=060400
0:101  0:000  PCI (00|37:00.00) : 8086 15D4 class=0C0330
0:101  0:000  PCI (00|02:04.00) : 8086 15D3 class=060400
0:101  0:000  PCI (00|00:1C.04) : 8086 9D14 class=060400
0:101  0:000  PCI (00|6B:00.00) : 14E4 43A3 class=028000
0:101  0:000   - WIFI: Vendor=Broadcom
0:101  0:000  PCI (00|00:1D.00) : 8086 9D18 class=060400
0:101  0:000  PCI (00|6C:00.00) : 144D A804 class=010802
0:101  0:000  PCI (00|00:1F.00) : 8086 9D4E class=060100
0:101  0:000  PCI (00|00:1F.02) : 8086 9D21 class=058000
0:101  0:000  PCI (00|00:1F.03) : 8086 9D71 class=040380
0:101  0:000  PCI (00|00:1F.04) : 8086 9D23 class=0C0500
0:101  0:000  === [ GetDefaultSettings ] ================================
0:101  0:000  Clover load options size = 0 bytes
0:103  0:001  EFI\CLOVER\config.plist loaded: Success
0:103  0:000  === [ GetListOfThemes ] ===================================
0:103  0:000  - [00]: BGM
0:104  0:000  - [01]: random
0:105  0:000  - [01]: embedded
0:105  0:000  === [ Found config plists ] ===============================
0:105  0:000  - config_prev.plist
0:105  0:000  - config.plist
0:105  0:000  === [ GetEarlyUserSettings ] ==============================
0:105  0:000  timeout set to 3
0:105  0:000  Custom boot CUSTOM_BOOT_DISABLED (0x0)
0:105  0:000  KextsToPatch: 4 requested
0:105  0:000   - [00]: com.apple.driver.AppleIntelLpssI2C (Prevent Apple I2C kexts from attaching to I2C controllers, credit CoolStar) :: PlistPatch :: data len: 5
0:105  0:000   - [01]: com.apple.driver.AppleIntelLpssI2CController (Prevent Apple I2C kexts from attaching to I2C controllers, credit CoolStar) :: PlistPatch :: data len: 5
0:105  0:000   - [02]: com.apple.driver.usb.AppleUSBXHCI (USB 10.14.1+ (Mojave 10.14.3) by PMHeart) :: MatchOS: 10.14.x :: BinPatch :: data len: 9
0:105  0:000   - patch disabled at config
0:105  0:000   - [03]: com.apple.driver.usb.AppleUSBXHCI (USB 10.14.1+ (Mojave 10.14.1, 10.14.2) by PMHeart) :: MatchOS: 10.14.x :: BinPatch :: data len: 9
0:105  0:000   - patch disabled at config
0:105  0:000  KernelToPatch: 2 requested
0:105  0:000   - [00]: MSR 0xE2 _xcpm_idle prevent instant reboot (c) Pike R. Alpha :: data len: 8
0:105  0:000   - [01]: Disable panic kext logging on 10.14 release kernel (credit Vandroiy) :: MatchOS: 10.14.x :: data len: 6
0:105  0:000  Default theme: BGM
0:105  0:000  Hiding entries with string Preboot
0:105  0:000  Hiding entries with string Recovery
0:105  0:000  === [ LoadDrivers ] =======================================
0:106  0:000  Loading FSInject.efi  status=Success
0:106  0:000  Loading OsxAptioFixDrv.efi  status=Success
0:107  0:000  Loading SMCHelper.efi  status=Success
0:107  0:000  Loading DataHubDxe.efi  status=Success
0:108  0:000  Loading ApfsDriverLoader.efi  status=Success
0:108  0:000   - driver needs connecting
0:108  0:000  Loading AudioDxe.efi  status=Success
0:108  0:000   - driver needs connecting
0:109  0:000  2 drivers needs connecting ...
0:109  0:000  PlatformDriverOverrideProtocol->GetDriver overriden
0:109  0:000  APFS driver loaded
0:109  0:000  Searching for invalid DiskIo BY_DRIVER connects: not found, all ok
3:977  3:868  === [ InitScreen ] ========================================
3:977  0:000  Console modes reported: 9, available modes:
3:977  0:000   - [01]: 80x25
3:977  0:000   - [02]: 80x50
3:977  0:000   - [03]: 80x25
3:977  0:000   - [04]: 480x113 (current mode)
3:977  0:000   - [05]: 100x31
3:977  0:000   - [06]: 128x40
3:977  0:000   - [07]: 160x53
3:977  0:000   - [08]: 200x63
3:977  0:000   - [09]: 240x75
3:977  0:000  SetScreenResolution: 1920x1080 - not found!
3:977  0:000  SetMaxResolution: found best mode 0: 3840x2160
3:977  0:000   - already set
3:977  0:000  SetScreenResolution: 3840x2160 - already set
3:977  0:000  reinit: self device path=PciRoot(0x0)\Pci(0x1D,0x0)\Pci(0x0,0x0)\NVMe(0x1,46-C2-B3-71-B9-38-25-00)\HD(1,GPT,69B44B8F-3BAF-4501-AB36-4A438BAD60F7,0x28,0x64000)
3:978  0:001  Using embedded font: Success
3:979  0:000  === [ GetMacAddress ] =====================================
3:979  0:000  === [ ScanSPD ] ===========================================
3:979  0:000  Scanning SMBus [8086:9D23], mmio: 0xFB01C004, ioport: 0x3040, hostc: 0x11
3:981  0:001  === [ GetAcpiTablesList ] =================================
3:981  0:000  Get Acpi Tables List from RSDT:
3:981  0:000   - [00]: FACP  CB-01    len=268
3:981  0:000   - [01]: UEFI  CB-01    len=566
3:981  0:000   - [02]: UEFI  CB-01    len=66
3:981  0:000   - [03]: MSDM  CB-01    len=85
3:981  0:000   - [04]: SSDT  CB-01    len=12545
3:981  0:000   - [05]: SSDT  CB-01    len=19116
3:981  0:000   - [06]: ASF!  CB-01    len=165
3:981  0:000   - [07]: ASPT  CB-01    len=52
3:981  0:000   - [08]: BOOT  CB-01    len=40
3:981  0:000   - [09]: DBGP  CB-01    len=52
3:981  0:000   - [10]: HPET  CB-01    len=56
3:981  0:000   - [11]: APIC  CB-01    len=188
3:981  0:000   - [12]: MCFG  CB-01    len=60
3:981  0:000   - [13]: SSDT  CB-01    len=1717
3:981  0:000   - [14]: LPIT  CB-01    len=148
3:981  0:000   - [15]: WSMT  CB-01    len=40
3:981  0:000   - [16]: SSDT  CB-01    len=671
3:981  0:000   - [17]: SSDT  CB-01    len=838
3:981  0:000   - [18]: SSDT  CB-01    len=12290
3:981  0:000   - [19]: SSDT  CB-01    len=1310
3:981  0:000   - [20]: DBGP  CB-01    len=52
3:981  0:000   - [21]: DBG2  CB-01    len=84
3:981  0:000   - [22]: SSDT  CB-01    len=3908
3:981  0:000   - [23]: SSDT  CB-01    len=3806
3:981  0:000   - [24]: DMAR  CB-01    len=312
3:981  0:000   - [25]: NHLT  CB-01    len=45
3:981  0:000   - [26]: FPDT  CB-01    len=68
3:981  0:000   - [27]: BGRT  CB-01    len=56
3:981  0:000  Calibrated TSC Frequency = 1990531900 = 1990MHz
3:981  0:000  === [ GetUserSettings ] ===================================
3:981  0:000  Add 1 devices:
3:981  0:000  Add 1 properties:
3:981  0:000   - [00]: IntelGFX Key: hda-gfx, len: 10
3:981  0:000  USB FixOwnership: yes
3:981  0:000  Dropping 2 tables:
3:981  0:000   - [00]: Drop table  signature="SSDT" (54445353) table-id="xh_rvp11" (31317076725F6878)
3:981  0:000           - set table: 54445353, 31317076725F6878 to drop: no
3:981  0:000   - [01]: Drop table  signature="SSDT" (54445353) table-id="PtidDevc" (6376654464697450)
3:981  0:000           - set table: 54445353, 6376654464697450 to drop: no
3:981  0:000   - final DSDT Fix mask=40200000
3:981  0:000  PatchesDSDT: 17 requested
3:981  0:000   - [00]: (Change OSID to XSID (to avoid match against _OSI XOSI patch)) lenToFind: 4, lenToReplace: 4, Target Bridge: <null string>
3:981  0:000   - [01]: (Change _OSI to XOSI, use with SSDT-XOSI.aml) lenToFind: 4, lenToReplace: 4, Target Bridge: <null string>
3:981  0:000   - [02]: (Change _DSM to XDSM (needed for _DSM injections, e.g. for HDEF, IGPU)) lenToFind: 4, lenToReplace: 4, Target Bridge: <null string>
3:981  0:000   - [03]: (Change ECDV to EC (so Mac OS knows about the Embedded Controller)) lenToFind: 4, lenToReplace: 4, Target Bridge: <null string>
3:981  0:000   - [04]: (Change HDAS to HDEF (needed for audio)) lenToFind: 4, lenToReplace: 4, Target Bridge: <null string>
3:981  0:000   - [05]: (Change HECI to IMEI (so Mac OS can natively use the Management Engine)) lenToFind: 4, lenToReplace: 4, Target Bridge: <null string>
3:981  0:000   - [06]: (Change GFX0 to IGPU (needed for graphics)) lenToFind: 4, lenToReplace: 4, Target Bridge: <null string>
3:981  0:000   - [07]: (Rename BRT6 to BRTX, use with SSDT-BRT6.aml, SSDT-PNLF.aml, AppleBacklightInjector.kext, and VoodooPS2Controller.kext to fix brightness keys) lenToFind: 7, lenToReplace: 7, Target Bridge: <null string>
3:981  0:000    patch disabled at config
3:981  0:000   - [08]: (Rename method UPRW to XPRW and use with SSDT-UPRW.aml to fix USB "instant wake" on sleep) lenToFind: 8, lenToReplace: 8, Target Bridge: <null string>
3:981  0:000    patch disabled at config
3:981  0:000   - [09]: (Rename method GPRW to YPRW and use with SSDT-UPRW.aml to fix USB "instant wake" on sleep) lenToFind: 8, lenToReplace: 8, Target Bridge: <null string>
3:981  0:000    patch disabled at config
3:981  0:000   - [10]: (change GPI0 device _STA to XSTA) lenToFind: 13, lenToReplace: 13, Target Bridge: <null string>
3:981  0:000   - [11]: (change I2C devices _CRS to XCRS) lenToFind: 7, lenToReplace: 7, Target Bridge: <null string>
3:981  0:000    patch disabled at config
3:981  0:000   - [12]: (Rename method _PTS to ZPTS and use with SSDT-PTSWAK.aml to fix dGPU power sapping) lenToFind: 8, lenToReplace: 8, Target Bridge: <null string>
3:981  0:000    patch disabled at config
3:981  0:000   - [13]: (Rename method _WAK to ZWAK and use with SSDT-PTSWAK.aml to fix dGPU power sapping) lenToFind: 7, lenToReplace: 7, Target Bridge: <null string>
3:981  0:000    patch disabled at config
3:981  0:000   - [14]: ((RP15 only) Rename _RMV to XRMV USB-C hot plug support) lenToFind: 4, lenToReplace: 4, Target Bridge: RP15$…½ptalƒì H0
3:981  0:000    patch disabled at config
3:981  0:000   - [15]: (Rename XTBT to YTBT and use with SSDT-YTBT.aml for USB-C hot plug) lenToFind: 4, lenToReplace: 4, Target Bridge: <null string>
3:981  0:000    patch disabled at config
3:981  0:000   - [16]: (Rename AC to ADP1 pair with SSDT-ADP1 - credit syscl) lenToFind: 4, lenToReplace: 4, Target Bridge: <null string>
3:981  0:000    patch disabled at config
3:981  0:000  PluginType: 1
3:981  0:000  ResetAddr: 0xCF9
3:981  0:000  Calc ResetVal: 0x6
3:981  0:000  ResetVal: 0x6
3:981  0:000  Using ProductName from config: MacBookPro14,1
3:981  0:000  Using latest BiosVersion from clover
3:981  0:000  BiosVersion: MBP141.88Z.F000.B00.1906171613
3:981  0:000  BiosReleaseDate: 06/17/2019
3:981  0:000  Using EfiVersion from clover: 198.0.0.0.0
3:981  0:000  Using FirmwareFeatures from config: 0xFC0FE13E
3:981  0:000  Using FirmwareFeaturesMask from config: 0xFF1FFF3F
3:981  0:000  Board-ID set from config as Mac-B4831CEBD52A0C4C
3:981  0:000  BoardType: 0xA
3:981  0:000  ChassisType: 0x9
3:981  0:000  === [ Found DSDT tables ] =================================
3:996  0:014  === [ ScanVolumes ] =======================================
3:996  0:000  Found 7 volumes with blockIO
3:996  0:000  - [00]: Volume: PciRoot(0x0)\Pci(0x1D,0x0)\Pci(0x0,0x0)\NVMe(0x1,46-C2-B3-71-B9-38-25-00)
3:996  0:000  - [01]: Volume: PciRoot(0x0)\Pci(0x1D,0x0)\Pci(0x0,0x0)\NVMe(0x1,46-C2-B3-71-B9-38-25-00)\HD(1,GPT,69B44B8F-3BAF-4501-AB36-4A438BAD60F7,0x28,0x64000)
3:996  0:000          Result of bootcode detection: bootable unknown (legacy)
3:996  0:000          This is SelfVolume !!
3:996  0:000  - [02]: Volume: PciRoot(0x0)\Pci(0x1D,0x0)\Pci(0x0,0x0)\NVMe(0x1,46-C2-B3-71-B9-38-25-00)\HD(2,GPT,43924E8E-EEE3-43F8-BC5B-CEEFA6E22BCD,0x64028,0x77359260)
3:996  0:000          Result of bootcode detection: bootable unknown (legacy)
3:996  0:000  - [03]: Volume: PciRoot(0x0)\Pci(0x1D,0x0)\Pci(0x0,0x0)\NVMe(0x1,46-C2-B3-71-B9-38-25-00)\HD(2,GPT,43924E8E-EEE3-43F8-BC5B-CEEFA6E22BCD,0x64028,0x77359260)\VenMedia(BE74FCF7-0B7C-49F3-9147-01F4042E6842,437092BD1631DA4EBB24CCAD150E3973)
3:996  0:000          hiding this volume
3:996  0:000  - [04]: Volume: PciRoot(0x0)\Pci(0x1D,0x0)\Pci(0x0,0x0)\NVMe(0x1,46-C2-B3-71-B9-38-25-00)\HD(2,GPT,43924E8E-EEE3-43F8-BC5B-CEEFA6E22BCD,0x64028,0x77359260)\VenMedia(BE74FCF7-0B7C-49F3-9147-01F4042E6842,E543F48D60BFE54DA5FCE7ABEF8B095D)
3:996  0:000  - [05]: Volume: PciRoot(0x0)\Pci(0x1D,0x0)\Pci(0x0,0x0)\NVMe(0x1,46-C2-B3-71-B9-38-25-00)\HD(2,GPT,43924E8E-EEE3-43F8-BC5B-CEEFA6E22BCD,0x64028,0x77359260)\VenMedia(BE74FCF7-0B7C-49F3-9147-01F4042E6842,8952E950FD5E4048B6A556EEB9B2BBFA)
3:996  0:000          hiding this volume
3:996  0:000  - [06]: Volume: PciRoot(0x0)\Pci(0x1D,0x0)\Pci(0x0,0x0)\NVMe(0x1,46-C2-B3-71-B9-38-25-00)\HD(2,GPT,43924E8E-EEE3-43F8-BC5B-CEEFA6E22BCD,0x64028,0x77359260)\VenMedia(BE74FCF7-0B7C-49F3-9147-01F4042E6842,FABAB5763BBCC742B5B5071CA72E2E3B)
3:996  0:000  found 2 handles with audio
3:996  0:000  No AudioIoDevice stored
3:996  0:000  no stored audio parameters
3:996  0:000  === [ InitTheme ] =========================================
3:996  0:000  use daylight theme
3:998  0:001  Using theme 'BGM' (EFI\CLOVER\themes\BGM)
3:998  0:000  OS main and drive as badge
3:998  0:000  file sound read: sound.wav Not Found
3:999  0:001  Loading font from ThemeDir: Success
4:000  0:000  theme inited
4:000  0:000  Chosen theme BGM
4:000  0:000  after NVRAM boot-args=darkwake=0 brcmfx-country=DE dart=0 -cdfon -disablegfxfirmware
4:000  0:000  === [ Dump SMC keys from NVRAM ] ==========================
4:000  0:000  found AppleSMC protocol
4:022  0:022  Registered 17 SMC keys
4:022  0:000  === [ ScanLoader ] ========================================
4:022  0:000  - [01]: 'EFI'
4:040  0:017          AddLoaderEntry for Volume Name=EFI
4:040  0:000          skipped because entry is hidden
4:040  0:000  - [03]: 'Preboot', hidden
4:040  0:000  - [04]: 'Yoga920'
4:041  0:001          AddLoaderEntry for Volume Name=Yoga920
4:048  0:006          AddLoaderEntry for Volume Name=Yoga920
4:049  0:001      Check if volume Is Hibernated:
4:049  0:000      Check sleep image 'by signature':
4:051  0:002      read prefs \Library\Preferences\com.apple.PowerManagement.plist status=Success
4:051  0:000      using default sleep image name = \private\var\vm\sleepimage
4:053  0:001      no valid sleep image offset was found
4:053  0:000       sleepimage offset could not be acquired
4:053  0:000      hibernated: no - sign
4:068  0:015  - [05]: 'Recovery', hidden
4:068  0:000  - [06]: 'VM'
4:083  0:014  Scanning legacy ...
4:083  0:000  === [ AddCustomTool ] =====================================
4:083  0:000  found tool \EFI\CLOVER\tools\Shell64U.efi
4:083  0:000  Checking EFI partition Volume 1 for Clover
4:083  0:000   Found Clover
4:083  0:000  Use anime=Anim_9_Boot_Sequence frames=64
4:084  0:001  === [ GetEfiBootDeviceFromNvram ] =========================
4:085  0:000   - efi-boot-device-data: PciRoot(0x0)\Pci(0x1D,0x0)\Pci(0x0,0x0)\NVMe(0x1,46-C2-B3-71-B9-38-25-00)\HD(2,GPT,43924E8E-EEE3-43F8-BC5B-CEEFA6E22BCD,0x64028,0x77359260)\VenMedia(BE74FCF7-0B7C-49F3-9147-01F4042E6842,E543F48D60BFE54DA5FCE7ABEF8B095D)\macOS Install Data\Locked Files\Boot Files\boot.efii
4:085  0:000    - Volume: 'PciRoot(0x0)\Pci(0x1D,0x0)\Pci(0x0,0x0)\NVMe(0x1,46-C2-B3-71-B9-38-25-00)\HD(2,GPT,43924E8E-EEE3-43F8-BC5B-CEEFA6E22BCD,0x64028,0x77359260)\VenMedia(BE74FCF7-0B7C-49F3-9147-01F4042E6842,E543F48D60BFE54DA5FCE7ABEF8B095D)'
4:085  0:000    - LoaderPath: '\macOS Install Data\Locked Files\Boot Files\boot.efi'
4:085  0:000    - Guid = 43924E8E-EEE3-43F8-BC5B-CEEFA6E22BCD
4:085  0:000  === [ FindStartupDiskVolume ] =============================
4:085  0:000    - Volume: partition = PciRoot(0x0)\Pci(0x1D,0x0)\Pci(0x0,0x0)\NVMe(0x1,46-C2-B3-71-B9-38-25-00)\HD(2,GPT,43924E8E-EEE3-43F8-BC5B-CEEFA6E22BCD,0x64028,0x77359260)\VenMedia(BE74FCF7-0B7C-49F3-9147-01F4042E6842,E543F48D60BFE54DA5FCE7ABEF8B095D)
4:085  0:000     - searching for that partition and loader '\macOS Install Data\Locked Files\Boot Files\boot.efi'
4:085  0:000      - found entry 0. 'Boot macOS Install from Yoga920', Volume 'Yoga920', '\macOS Install Data\Locked Files\Boot Files\boot.efi'
4:085  0:000  Boot redirected to Entry 0. 'Boot macOS Install from Yoga920'
4:085  0:000  DefaultIndex=0 and MainMenu.EntryCount=8
4:085  0:000  Use anime=Anim_1_Logo frames=49
4:122  0:037   found 49 frames of the anime
4:122  0:000  recalculated Screen->Film position
4:122  0:000   Anime seems OK, init it
4:891  0:769  can't bear mouse at all! Status=Unsupported
4:894  0:002  can't bear mouse at timeout! Status=Unsupported
4:894  0:000  GUI ready
5:963  1:069  can't bear mouse at timeout! Status=Unsupported
6:993  1:030  can't bear mouse at timeout! Status=Unsupported
7:090  0:096  can't bear mouse at timeout! Status=Unsupported
7:094  0:003  can't bear mouse at sel! Status=Unsupported
7:735  0:641  can't bear mouse at sel! Status=Unsupported
13:525  5:790  Found UEFI Acpi 2.0 RSDP at 3AFFE014
13:525  0:000  Saving ACPI tables from RSDP 3AFFE014 to EFI\CLOVER\ACPI\origin ...
13:525  0:000   3AFFE014: 'RSD PTR ', Rev: 2 (Acpi 2.0 or newer), Len: 36 -> RSDP.aml
13:529  0:003    (Xsdt: 3AFB3188, Rsdt: 3AFB30C4)
13:529  0:000    3AFB3188: 'XSDT', 'CB-01', Rev: 1, Len: 260 -> XSDT.aml
13:532  0:003    3AFB30C4: 'RSDT', 'CB-01', Rev: 1, Len: 148 -> RSDT.aml
13:535  0:003    Tables in Xsdt: 28
13:535  0:000    0. 3AFED000: 'FACP', 'CB-01', Rev: 5, Len: 268 -> FACP.aml
13:538  0:003        (Dsdt: 3AFBE000, Facs: 3AF58000, XDsdt: 3AFBE000, XFacs: 0)
13:538  0:000        3AFBE000: 'DSDT', 'CB-01', Rev: 2, Len: 177115 -> DSDT.aml
13:546  0:008        3AF58000: 'FACS', Ver: 2, Len: 64 -> FACS.aml
13:549  0:003    1. 3AFFD000: 'UEFI', 'CB-01', Rev: 1, Len: 566 -> UEFI.aml
13:553  0:003    2. 3AFFC000: 'UEFI', 'CB-01', Rev: 1, Len: 66 -> UEFI.aml
13:557  0:004    3. 3AFFB000: 'MSDM', 'CB-01', Rev: 3, Len: 85 -> MSDM.aml
13:560  0:003    4. 3AFF7000: 'SSDT', 'CB-01', Rev: 2, Len: 12545 -> SSDT-0-CB-01.aml
13:565  0:004    5. 3AFF2000: 'SSDT', 'CB-01', Rev: 2, Len: 19116 -> SSDT-1-CB-01.aml
13:570  0:004    6. 3AFF1000: 'ASF!', 'CB-01', Rev: 32, Len: 165 -> ASF!.aml
13:573  0:003    7. 3AFF0000: 'ASPT', 'CB-01', Rev: 7, Len: 52 -> ASPT.aml
13:577  0:003    8. 3AFEF000: 'BOOT', 'CB-01', Rev: 1, Len: 40 -> BOOT.aml
13:581  0:003    9. 3AFEE000: 'DBGP', 'CB-01', Rev: 1, Len: 52 -> DBGP.aml
13:585  0:003    10. 3AFEC000: 'HPET', 'CB-01', Rev: 1, Len: 56 -> HPET.aml
13:588  0:003    11. 3AFEB000: 'APIC', 'CB-01', Rev: 3, Len: 188 -> APIC.aml
13:592  0:003    12. 3AFEA000: 'MCFG', 'CB-01', Rev: 1, Len: 60 -> MCFG.aml
13:596  0:003    13. 3AFBD000: 'SSDT', 'CB-01', Rev: 2, Len: 1717 -> SSDT-2-CB-01.aml
13:599  0:003    14. 3AFBC000: 'LPIT', 'CB-01', Rev: 1, Len: 148 -> LPIT.aml
13:603  0:003    15. 3AFBB000: 'WSMT', 'CB-01', Rev: 1, Len: 40 -> WSMT.aml
13:607  0:003    16. 3AFBA000: 'SSDT', 'CB-01', Rev: 2, Len: 671 -> SSDT-3-CB-01.aml
13:611  0:003    17. 3AFB9000: 'SSDT', 'CB-01', Rev: 1, Len: 838 -> SSDT-4-CB-01.aml
13:615  0:004    18. 3AFB5000: 'SSDT', 'CB-01', Rev: 2, Len: 12290 -> SSDT-5-CB-01.aml
13:620  0:004    19. 3AFB4000: 'SSDT', 'CB-01', Rev: 2, Len: 1310 -> SSDT-6-CB-01.aml
13:624  0:003    20. 3AFB2000: 'DBGP', 'CB-01', Rev: 1, Len: 52 -> DBGP.aml
13:630  0:005    21. 3AFB1000: 'DBG2', 'CB-01', Rev: 0, Len: 84 -> DBG2.aml
13:634  0:003    22. 3AFB0000: 'SSDT', 'CB-01', Rev: 2, Len: 3908 -> SSDT-7-CB-01.aml
13:638  0:004    23. 3AFAF000: 'SSDT', 'CB-01', Rev: 2, Len: 3806 -> SSDT-8-CB-01.aml (Found hidden SSDT 7 pcs)
13:642  0:004        * 3A5EA018: 'SSDT', 'Cpu0Ist', Rev: 2, Len: 1485  53 53 44 54 CD 05 00 00 02 67 50 6D 52 65 66 00 Internal length = 1485 -> SSDT-x8_0-Cpu0Ist.aml
13:646  0:003        * 3A5E9018: 'SSDT', 'ApIst', Rev: 2, Len: 1628  53 53 44 54 5C 06 00 00 02 A9 50 6D 52 65 66 00 Internal length = 1628 -> SSDT-x8_1-ApIst.aml
13:650  0:003        * 3A5E9898: 'SSDT', 'Cpu0Cst', Rev: 2, Len: 1023  53 53 44 54 FF 03 00 00 02 A9 50 6D 52 65 66 00 Internal length = 1023 -> SSDT-x8_2-Cpu0Cst.aml
13:654  0:004        * 3A5E9DD8: 'SSDT', 'ApCst', Rev: 2, Len: 394  53 53 44 54 8A 01 00 00 02 33 50 6D 52 65 66 00 Internal length = 394 -> SSDT-x8_3-ApCst.aml
13:665  0:011        * 3A5EADD8: 'SSDT', 'Cpu0Hwp', Rev: 2, Len: 277  53 53 44 54 15 01 00 00 02 A8 50 6D 52 65 66 00 Internal length = 277 -> SSDT-x8_4-Cpu0Hwp.aml
13:675  0:009        * 3A5EA898: 'SSDT', 'ApHwp', Rev: 2, Len: 407  53 53 44 54 97 01 00 00 02 EB 50 6D 52 65 66 00 Internal length = 407 -> SSDT-x8_5-ApHwp.aml
13:686  0:010        * 3A6E6518: 'SSDT', 'HwpLvt', Rev: 2, Len: 420  53 53 44 54 A4 01 00 00 02 36 50 6D 52 65 66 00 Internal length = 420 -> SSDT-x8_6-HwpLvt.aml
13:695  0:009  
13:695  0:000    24. 3AFAE000: 'DMAR', 'CB-01', Rev: 1, Len: 312 -> DMAR.aml
13:702  0:006    25. 3AFAD000: 'NHLT', 'CB-01', Rev: 0, Len: 45 -> NHLT.aml
13:706  0:003    26. 3AFAC000: 'FPDT', 'CB-01', Rev: 1, Len: 68 -> FPDT.aml
13:710  0:004    27. 3AFAB000: 'BGRT', 'CB-01', Rev: 1, Len: 56 -> BGRT.aml
13:714  0:004    Tables in Rsdt: 28
13:714  0:000    0. 3AFED000: 'FACP', 'CB-01', Rev: 5, Len: 268
13:714  0:000        (Dsdt: 3AFBE000, Facs: 3AF58000, XDsdt: 3AFBE000, XFacs: 0)
13:714  0:000        3AFBE000: 'DSDT', 'CB-01', Rev: 2, Len: 177115
13:717  0:002        3AF58000: 'FACS', Ver: 2, Len: 64
13:717  0:000    1. 3AFFD000: 'UEFI', 'CB-01', Rev: 1, Len: 566
13:717  0:000    2. 3AFFC000: 'UEFI', 'CB-01', Rev: 1, Len: 66
13:717  0:000    3. 3AFFB000: 'MSDM', 'CB-01', Rev: 3, Len: 85
13:717  0:000    4. 3AFF7000: 'SSDT', 'CB-01', Rev: 2, Len: 12545
13:717  0:000    5. 3AFF2000: 'SSDT', 'CB-01', Rev: 2, Len: 19116
13:717  0:000    6. 3AFF1000: 'ASF!', 'CB-01', Rev: 32, Len: 165
13:717  0:000    7. 3AFF0000: 'ASPT', 'CB-01', Rev: 7, Len: 52
13:717  0:000    8. 3AFEF000: 'BOOT', 'CB-01', Rev: 1, Len: 40
13:717  0:000    9. 3AFEE000: 'DBGP', 'CB-01', Rev: 1, Len: 52
13:717  0:000    10. 3AFEC000: 'HPET', 'CB-01', Rev: 1, Len: 56
13:717  0:000    11. 3AFEB000: 'APIC', 'CB-01', Rev: 3, Len: 188
13:717  0:000    12. 3AFEA000: 'MCFG', 'CB-01', Rev: 1, Len: 60
13:717  0:000    13. 3AFBD000: 'SSDT', 'CB-01', Rev: 2, Len: 1717
13:717  0:000    14. 3AFBC000: 'LPIT', 'CB-01', Rev: 1, Len: 148
13:717  0:000    15. 3AFBB000: 'WSMT', 'CB-01', Rev: 1, Len: 40
13:717  0:000    16. 3AFBA000: 'SSDT', 'CB-01', Rev: 2, Len: 671
13:717  0:000    17. 3AFB9000: 'SSDT', 'CB-01', Rev: 1, Len: 838
13:717  0:000    18. 3AFB5000: 'SSDT', 'CB-01', Rev: 2, Len: 12290
13:717  0:000    19. 3AFB4000: 'SSDT', 'CB-01', Rev: 2, Len: 1310
13:717  0:000    20. 3AFB2000: 'DBGP', 'CB-01', Rev: 1, Len: 52
13:717  0:000    21. 3AFB1000: 'DBG2', 'CB-01', Rev: 0, Len: 84
13:717  0:000    22. 3AFB0000: 'SSDT', 'CB-01', Rev: 2, Len: 3908
13:717  0:000    23. 3AFAF000: 'SSDT', 'CB-01', Rev: 2, Len: 3806
13:717  0:000    24. 3AFAE000: 'DMAR', 'CB-01', Rev: 1, Len: 312
13:717  0:000    25. 3AFAD000: 'NHLT', 'CB-01', Rev: 0, Len: 45
13:717  0:000    26. 3AFAC000: 'FPDT', 'CB-01', Rev: 1, Len: 68
13:717  0:000    27. 3AFAB000: 'BGRT', 'CB-01', Rev: 1, Len: 56
18:325  4:607  can't bear mouse at sel! Status=Unsupported
19:850  1:525  can't bear mouse at sel! Status=Unsupported
20:304  0:453  can't bear mouse at sel! Status=Unsupported
20:870  0:565  exit from MainMenu 1
20:870  0:000  Boot option Boot0000 not found
20:870  0:000  === [ StartLoader ] =======================================
20:870  0:000  Finally: ExternalClock=25MHz BusSpeed=99527kHz CPUFreq=1991MHz PIS: hw.busfrequency=100000000Hz
20:870  0:000  Loading boot.efi  status=Success
21:016  0:146  GetOSVersion: 10.14.6 (18G103)
21:016  0:000  CSR_CFG: CSR_ALLOW_UNTRUSTED_KEXTS | CSR_ALLOW_UNRESTRICTED_FS | CSR_ALLOW_TASK_FOR_PID | CSR_ALLOW_UNRESTRICTED_DTRACE | CSR_ALLOW_UNRESTRICTED_NVRAM | CSR_ALLOW_DEVICE_CONFIGURATION | CSR_ALLOW_ANY_RECOVERY_OS | CSR_ALLOW_UNAPPROVED_KEXTS
21:016  0:000  Filtering KextPatches:
21:016  0:000   - [00]: com.apple.driver.AppleIntelLpssI2C (Prevent Apple I2C kexts from attaching to I2C controllers, credit CoolStar) :: PlistPatch :: [OS: 10.14.6 | MatchOS: All | MatchBuild: All] ==> allowed
21:016  0:000   - [01]: com.apple.driver.AppleIntelLpssI2CController (Prevent Apple I2C kexts from attaching to I2C controllers, credit CoolStar) :: PlistPatch :: [OS: 10.14.6 | MatchOS: All | MatchBuild: All] ==> allowed
21:016  0:000   - [02]: com.apple.driver.usb.AppleUSBXHCI (USB 10.14.1+ (Mojave 10.14.3) by PMHeart) :: BinPatch :: [OS: 10.14.6 | MatchOS: 10.14.x | MatchBuild: All] ==> disabled by user
21:016  0:000   - [03]: com.apple.driver.usb.AppleUSBXHCI (USB 10.14.1+ (Mojave 10.14.1, 10.14.2) by PMHeart) :: BinPatch :: [OS: 10.14.6 | MatchOS: 10.14.x | MatchBuild: All] ==> disabled by user
21:016  0:000  Filtering KernelPatches:
21:016  0:000   - [00]: MSR 0xE2 _xcpm_idle prevent instant reboot (c) Pike R. Alpha :: [OS: 10.14.6 | MatchOS: All | MatchBuild: no] ==> allowed by OS
21:016  0:000   - [01]: Disable panic kext logging on 10.14 release kernel (credit Vandroiy) :: [OS: 10.14.6 | MatchOS: 10.14.x | MatchBuild: no] ==> allowed by OS
21:016  0:000  Will not patch boot.efi
21:016  0:000  === [ PatchSmbios ] =======================================
21:016  0:000  insert table 9 for dev 0:0
21:016  0:000  Table 11 present, but rewritten for us
21:016  0:000  Trusting SMBIOS...
21:016  0:000  Detected alternating SMBIOS channel banks
21:016  0:000  Channels: 2
21:016  0:000  Interleave: 0 2 1 3 4 6 5 7 8 10 9 11 12 14 13 15 16 18 17 19 20 22 21 23
21:016  0:000   partNum=M471A1K43CB1-CRC    
21:016  0:000  SMBIOS Type 17 Index = 0 => 0 0:
21:016  0:000  BANK 0 DIMM0 2400MHz 8192MB
21:016  0:000   partNum=M471A1K43CB1-CRC    
21:016  0:000  SMBIOS Type 17 Index = 1 => 1 2:
21:016  0:000  BANK 1 DIMM0 2400MHz 8192MB
21:016  0:000  mTotalSystemMemory = 16384
21:016  0:000  NumberOfMemoryDevices = 2
21:016  0:000  Type20[0]->End = 0x7FFFFF, Type17[0] = 0x2000
21:016  0:000  Type20[1]->End = 0x7FFFFF, Type17[1] = 0x6000
21:016  0:000  Table 131 is present, CPUType=10
21:016  0:000  Change to: 709
21:016  0:000  Table 133 is present, PlatformFeature=4F484B01
21:016  0:000  Change to: 1A
21:016  0:000  === [ PatchACPI ] =========================================
21:016  0:000  Xsdt reallocation done
21:016  0:000  old FADT length=10C
21:016  0:000   SignatureFixup: 0xFA76FC1B -> 0x0
21:016  0:000  Apply DsdtFixMask=0x40200000
21:016  0:000     drop _DSM mask=0xFFFF
21:016  0:000  === [ FixBiosDsdt ] =======================================
21:017  0:000  Patching DSDT:
21:017  0:000   - [Change OSID to XSID (to avoid match against _OSI XOSI patch)]: pattern 4F534944, bin not found / already patched!
21:017  0:000   - [Change _OSI to XOSI, use with SSDT-XOSI.aml]: pattern 5F4F5349, patched at: [ (145B4) (3) (11) (18) (1C) (1C) (1A) (18) (18) (18) (18) (2BC2) ]
21:017  0:000   - [Change _DSM to XDSM (needed for _DSM injections, e.g. for HDEF, IGPU)]: pattern 5F44534D, patched at: [ (31FF) (1317) (6B) (29) (727) (145) (6) (C4D) (503) (11) (53) (22) (22) (34) (1C5) (112) (38C) (38C) (38C) (38C) (38C) (38C) (38C) (38C) (38C) (38C) (38C) (38C) (38C) (38C) (38C) (38C) (38C) (38C) (38C) (38C) (38C) (38C) (38C) (29E) (23B5) (D3) (D3) (D3) (D3) (D3) (BE) (BE) (CC) (104) (104) (315) (669) (F6D) (12A) (19D) (9E) (58) (20ED) (3F5) (E49) (63FA) (777) (777) (777) (777) (777) (777) (777) (777) (777) (777) (777) (777) (777) (777) (777) (777) (777) (777) (777) (23B2) (18BA) (C70) (257) (256) (256) (26C) (269) (26A) (26A) (52A) (950) (953) (953) (6E7) (1F0) (14D) ]
21:017  0:000   - [Change ECDV to EC (so Mac OS knows about the Embedded Controller)]: pattern 45434456, bin not found / already patched!
21:018  0:000   - [Change HDAS to HDEF (needed for audio)]: pattern 48444153, patched at: [ (2B6) (12) (3FFC) (1B08) (84) (D) (2B) (32) (4F) (6F) ]
21:018  0:000   - [Change HECI to IMEI (so Mac OS can natively use the Management Engine)]: pattern 48454349, patched at: [ (100F1) ]
21:018  0:000   - [Change GFX0 to IGPU (needed for graphics)]: pattern 47465830, patched at: [ (51) (E) (12) (12) (12) (70) (12) (12) (12) (12) (2AA) (12) (1D) (1BE) (12) (50) (2B62) (E554) (18) (1B) (125) (20) (C6) (12) (45) (38) (23) (39) (23) (126) (C6) (C5) (EF) (A1) (B37) (D) (10) (C) (F) (F5) (D) (10) (CFC) (26) (180) (1C31) (27) (1D8F) (1B23) (14) (8D) (19) (F) (9893) (1537) ]
21:018  0:000   - [Rename BRT6 to BRTX, use with SSDT-BRT6.aml, SSDT-PNLF.aml, AppleBacklightInjector.kext, and VoodooPS2Controller.kext to fix brightness keys]: disabled
21:018  0:000   - [Rename method UPRW to XPRW and use with SSDT-UPRW.aml to fix USB "instant wake" on sleep]: disabled
21:018  0:000   - [Rename method GPRW to YPRW and use with SSDT-UPRW.aml to fix USB "instant wake" on sleep]: disabled
21:018  0:000   - [change GPI0 device _STA to XSTA]: pattern 5F535441, patched at: [ (DACD) ]
21:019  0:000   - [change I2C devices _CRS to XCRS]: disabled
21:019  0:000   - [Rename method _PTS to ZPTS and use with SSDT-PTSWAK.aml to fix dGPU power sapping]: disabled
21:019  0:000   - [Rename method _WAK to ZWAK and use with SSDT-PTSWAK.aml to fix dGPU power sapping]: disabled
21:019  0:000   - [(RP15 only) Rename _RMV to XRMV USB-C hot plug support]: disabled
21:019  0:000   - [Rename XTBT to YTBT and use with SSDT-YTBT.aml for USB-C hot plug]: disabled
21:019  0:000   - [Rename AC to ADP1 pair with SSDT-ADP1 - credit syscl]: disabled
21:019  0:000    0 replacements
21:019  0:000  Start Mutex Fix
21:020  0:000  PreCleanup XSDT: count=28, length=260
21:020  0:000  PreCleanup XSDT, corrected XSDT: count=28, length=260
21:020  0:000  === [ ACPIDropTables ] ====================================
21:020  0:000  Patching SSDT CB-01    Length=12545
21:020  0:000  0. [Change OSID to XSID (to avoid match against _OSI XOSI patch)]: pattern 4F534944, bin not found / already patched!
21:020  0:000  1. [Change _OSI to XOSI, use with SSDT-XOSI.aml]: pattern 5F4F5349, bin not found / already patched!
21:020  0:000  2. [Change _DSM to XDSM (needed for _DSM injections, e.g. for HDEF, IGPU)]: pattern 5F44534D, patched at: [ (2BEF) ]
21:020  0:000  3. [Change ECDV to EC (so Mac OS knows about the Embedded Controller)]: pattern 45434456, bin not found / already patched!
21:020  0:000  4. [Change HDAS to HDEF (needed for audio)]: pattern 48444153, bin not found / already patched!
21:020  0:000  5. [Change HECI to IMEI (so Mac OS can natively use the Management Engine)]: pattern 48454349, bin not found / already patched!
21:020  0:000  6. [Change GFX0 to IGPU (needed for graphics)]: pattern 47465830, patched at: [ (2D) (E) (46) (25A) (1C8A) (A3A) (1D) (6EC) ]
21:020  0:000  7. [Rename BRT6 to BRTX, use with SSDT-BRT6.aml, SSDT-PNLF.aml, AppleBacklightInjector.kext, and VoodooPS2Controller.kext to fix brightness keys]: disabled
21:020  0:000  8. [Rename method UPRW to XPRW and use with SSDT-UPRW.aml to fix USB "instant wake" on sleep]: disabled
21:020  0:000  9. [Rename method GPRW to YPRW and use with SSDT-UPRW.aml to fix USB "instant wake" on sleep]: disabled
21:020  0:000  10. [change GPI0 device _STA to XSTA]: pattern 5F535441, bin not found / already patched!
21:020  0:000  11. [change I2C devices _CRS to XCRS]: disabled
21:020  0:000  12. [Rename method _PTS to ZPTS and use with SSDT-PTSWAK.aml to fix dGPU power sapping]: disabled
21:020  0:000  13. [Rename method _WAK to ZWAK and use with SSDT-PTSWAK.aml to fix dGPU power sapping]: disabled
21:020  0:000  14. [(RP15 only) Rename _RMV to XRMV USB-C hot plug support]: disabled
21:020  0:000  15. [Rename XTBT to YTBT and use with SSDT-YTBT.aml for USB-C hot plug]: disabled
21:020  0:000  16. [Rename AC to ADP1 pair with SSDT-ADP1 - credit syscl]: disabled
21:020  0:000    0 replacements
21:020  0:000  Found OperationRegion(SANV, SystemMemory, 3AF6EA98, ...)
21:020  0:000  Patching SSDT CB-01    Length=19116
21:020  0:000  0. [Change OSID to XSID (to avoid match against _OSI XOSI patch)]: pattern 4F534944, bin not found / already patched!
21:020  0:000  1. [Change _OSI to XOSI, use with SSDT-XOSI.aml]: pattern 5F4F5349, bin not found / already patched!
21:020  0:000  2. [Change _DSM to XDSM (needed for _DSM injections, e.g. for HDEF, IGPU)]: pattern 5F44534D, patched at: [ (F14) ]
21:020  0:000  3. [Change ECDV to EC (so Mac OS knows about the Embedded Controller)]: pattern 45434456, bin not found / already patched!
21:020  0:000  4. [Change HDAS to HDEF (needed for audio)]: pattern 48444153, bin not found / already patched!
21:020  0:000  5. [Change HECI to IMEI (so Mac OS can natively use the Management Engine)]: pattern 48454349, bin not found / already patched!
21:020  0:000  6. [Change GFX0 to IGPU (needed for graphics)]: pattern 47465830, bin not found / already patched!
21:020  0:000  7. [Rename BRT6 to BRTX, use with SSDT-BRT6.aml, SSDT-PNLF.aml, AppleBacklightInjector.kext, and VoodooPS2Controller.kext to fix brightness keys]: disabled
21:020  0:000  8. [Rename method UPRW to XPRW and use with SSDT-UPRW.aml to fix USB "instant wake" on sleep]: disabled
21:020  0:000  9. [Rename method GPRW to YPRW and use with SSDT-UPRW.aml to fix USB "instant wake" on sleep]: disabled
21:020  0:000  10. [change GPI0 device _STA to XSTA]: pattern 5F535441, bin not found / already patched!
21:020  0:000  11. [change I2C devices _CRS to XCRS]: disabled
21:020  0:000  12. [Rename method _PTS to ZPTS and use with SSDT-PTSWAK.aml to fix dGPU power sapping]: disabled
21:020  0:000  13. [Rename method _WAK to ZWAK and use with SSDT-PTSWAK.aml to fix dGPU power sapping]: disabled
21:020  0:000  14. [(RP15 only) Rename _RMV to XRMV USB-C hot plug support]: disabled
21:020  0:000  15. [Rename XTBT to YTBT and use with SSDT-YTBT.aml for USB-C hot plug]: disabled
21:020  0:000  16. [Rename AC to ADP1 pair with SSDT-ADP1 - credit syscl]: disabled
21:020  0:000    0 replacements
21:020  0:000  Patching SSDT CB-01    Length=1717
21:020  0:000  0. [Change OSID to XSID (to avoid match against _OSI XOSI patch)]: pattern 4F534944, bin not found / already patched!
21:020  0:000  1. [Change _OSI to XOSI, use with SSDT-XOSI.aml]: pattern 5F4F5349, bin not found / already patched!
21:020  0:000  2. [Change _DSM to XDSM (needed for _DSM injections, e.g. for HDEF, IGPU)]: pattern 5F44534D, bin not found / already patched!
21:020  0:000  3. [Change ECDV to EC (so Mac OS knows about the Embedded Controller)]: pattern 45434456, bin not found / already patched!
21:020  0:000  4. [Change HDAS to HDEF (needed for audio)]: pattern 48444153, bin not found / already patched!
21:020  0:000  5. [Change HECI to IMEI (so Mac OS can natively use the Management Engine)]: pattern 48454349, bin not found / already patched!
21:020  0:000  6. [Change GFX0 to IGPU (needed for graphics)]: pattern 47465830, bin not found / already patched!
21:020  0:000  7. [Rename BRT6 to BRTX, use with SSDT-BRT6.aml, SSDT-PNLF.aml, AppleBacklightInjector.kext, and VoodooPS2Controller.kext to fix brightness keys]: disabled
21:020  0:000  8. [Rename method UPRW to XPRW and use with SSDT-UPRW.aml to fix USB "instant wake" on sleep]: disabled
21:020  0:000  9. [Rename method GPRW to YPRW and use with SSDT-UPRW.aml to fix USB "instant wake" on sleep]: disabled
21:020  0:000  10. [change GPI0 device _STA to XSTA]: pattern 5F535441, bin not found / already patched!
21:020  0:000  11. [change I2C devices _CRS to XCRS]: disabled
21:020  0:000  12. [Rename method _PTS to ZPTS and use with SSDT-PTSWAK.aml to fix dGPU power sapping]: disabled
21:020  0:000  13. [Rename method _WAK to ZWAK and use with SSDT-PTSWAK.aml to fix dGPU power sapping]: disabled
21:020  0:000  14. [(RP15 only) Rename _RMV to XRMV USB-C hot plug support]: disabled
21:020  0:000  15. [Rename XTBT to YTBT and use with SSDT-YTBT.aml for USB-C hot plug]: disabled
21:020  0:000  16. [Rename AC to ADP1 pair with SSDT-ADP1 - credit syscl]: disabled
21:020  0:000    0 replacements
21:020  0:000  Patching SSDT CB-01    Length=671
21:020  0:000  0. [Change OSID to XSID (to avoid match against _OSI XOSI patch)]: pattern 4F534944, bin not found / already patched!
21:020  0:000  1. [Change _OSI to XOSI, use with SSDT-XOSI.aml]: pattern 5F4F5349, bin not found / already patched!
21:020  0:000  2. [Change _DSM to XDSM (needed for _DSM injections, e.g. for HDEF, IGPU)]: pattern 5F44534D, patched at: [ (A5) ]
21:020  0:000  3. [Change ECDV to EC (so Mac OS knows about the Embedded Controller)]: pattern 45434456, bin not found / already patched!
21:020  0:000  4. [Change HDAS to HDEF (needed for audio)]: pattern 48444153, bin not found / already patched!
21:020  0:000  5. [Change HECI to IMEI (so Mac OS can natively use the Management Engine)]: pattern 48454349, bin not found / already patched!
21:020  0:000  6. [Change GFX0 to IGPU (needed for graphics)]: pattern 47465830, bin not found / already patched!
21:020  0:000  7. [Rename BRT6 to BRTX, use with SSDT-BRT6.aml, SSDT-PNLF.aml, AppleBacklightInjector.kext, and VoodooPS2Controller.kext to fix brightness keys]: disabled
21:020  0:000  8. [Rename method UPRW to XPRW and use with SSDT-UPRW.aml to fix USB "instant wake" on sleep]: disabled
21:020  0:000  9. [Rename method GPRW to YPRW and use with SSDT-UPRW.aml to fix USB "instant wake" on sleep]: disabled
21:020  0:000  10. [change GPI0 device _STA to XSTA]: pattern 5F535441, bin not found / already patched!
21:020  0:000  11. [change I2C devices _CRS to XCRS]: disabled
21:020  0:000  12. [Rename method _PTS to ZPTS and use with SSDT-PTSWAK.aml to fix dGPU power sapping]: disabled
21:020  0:000  13. [Rename method _WAK to ZWAK and use with SSDT-PTSWAK.aml to fix dGPU power sapping]: disabled
21:020  0:000  14. [(RP15 only) Rename _RMV to XRMV USB-C hot plug support]: disabled
21:020  0:000  15. [Rename XTBT to YTBT and use with SSDT-YTBT.aml for USB-C hot plug]: disabled
21:020  0:000  16. [Rename AC to ADP1 pair with SSDT-ADP1 - credit syscl]: disabled
21:020  0:000    0 replacements
21:020  0:000  Patching SSDT CB-01    Length=838
21:020  0:000  0. [Change OSID to XSID (to avoid match against _OSI XOSI patch)]: pattern 4F534944, bin not found / already patched!
21:020  0:000  1. [Change _OSI to XOSI, use with SSDT-XOSI.aml]: pattern 5F4F5349, bin not found / already patched!
21:020  0:000  2. [Change _DSM to XDSM (needed for _DSM injections, e.g. for HDEF, IGPU)]: pattern 5F44534D, patched at: [ (D3) ]
21:020  0:000  3. [Change ECDV to EC (so Mac OS knows about the Embedded Controller)]: pattern 45434456, bin not found / already patched!
21:020  0:000  4. [Change HDAS to HDEF (needed for audio)]: pattern 48444153, bin not found / already patched!
21:020  0:000  5. [Change HECI to IMEI (so Mac OS can natively use the Management Engine)]: pattern 48454349, bin not found / already patched!
21:020  0:000  6. [Change GFX0 to IGPU (needed for graphics)]: pattern 47465830, bin not found / already patched!
21:020  0:000  7. [Rename BRT6 to BRTX, use with SSDT-BRT6.aml, SSDT-PNLF.aml, AppleBacklightInjector.kext, and VoodooPS2Controller.kext to fix brightness keys]: disabled
21:020  0:000  8. [Rename method UPRW to XPRW and use with SSDT-UPRW.aml to fix USB "instant wake" on sleep]: disabled
21:020  0:000  9. [Rename method GPRW to YPRW and use with SSDT-UPRW.aml to fix USB "instant wake" on sleep]: disabled
21:020  0:000  10. [change GPI0 device _STA to XSTA]: pattern 5F535441, bin not found / already patched!
21:020  0:000  11. [change I2C devices _CRS to XCRS]: disabled
21:020  0:000  12. [Rename method _PTS to ZPTS and use with SSDT-PTSWAK.aml to fix dGPU power sapping]: disabled
21:020  0:000  13. [Rename method _WAK to ZWAK and use with SSDT-PTSWAK.aml to fix dGPU power sapping]: disabled
21:020  0:000  14. [(RP15 only) Rename _RMV to XRMV USB-C hot plug support]: disabled
21:020  0:000  15. [Rename XTBT to YTBT and use with SSDT-YTBT.aml for USB-C hot plug]: disabled
21:020  0:000  16. [Rename AC to ADP1 pair with SSDT-ADP1 - credit syscl]: disabled
21:020  0:000    0 replacements
21:020  0:000  Patching SSDT CB-01    Length=12290
21:020  0:000  0. [Change OSID to XSID (to avoid match against _OSI XOSI patch)]: pattern 4F534944, bin not found / already patched!
21:020  0:000  1. [Change _OSI to XOSI, use with SSDT-XOSI.aml]: pattern 5F4F5349, bin not found / already patched!
21:020  0:000  2. [Change _DSM to XDSM (needed for _DSM injections, e.g. for HDEF, IGPU)]: pattern 5F44534D, bin not found / already patched!
21:020  0:000  3. [Change ECDV to EC (so Mac OS knows about the Embedded Controller)]: pattern 45434456, bin not found / already patched!
21:020  0:000  4. [Change HDAS to HDEF (needed for audio)]: pattern 48444153, bin not found / already patched!
21:020  0:000  5. [Change HECI to IMEI (so Mac OS can natively use the Management Engine)]: pattern 48454349, bin not found / already patched!
21:020  0:000  6. [Change GFX0 to IGPU (needed for graphics)]: pattern 47465830, bin not found / already patched!
21:020  0:000  7. [Rename BRT6 to BRTX, use with SSDT-BRT6.aml, SSDT-PNLF.aml, AppleBacklightInjector.kext, and VoodooPS2Controller.kext to fix brightness keys]: disabled
21:020  0:000  8. [Rename method UPRW to XPRW and use with SSDT-UPRW.aml to fix USB "instant wake" on sleep]: disabled
21:020  0:000  9. [Rename method GPRW to YPRW and use with SSDT-UPRW.aml to fix USB "instant wake" on sleep]: disabled
21:020  0:000  10. [change GPI0 device _STA to XSTA]: pattern 5F535441, bin not found / already patched!
21:020  0:000  11. [change I2C devices _CRS to XCRS]: disabled
21:020  0:000  12. [Rename method _PTS to ZPTS and use with SSDT-PTSWAK.aml to fix dGPU power sapping]: disabled
21:020  0:000  13. [Rename method _WAK to ZWAK and use with SSDT-PTSWAK.aml to fix dGPU power sapping]: disabled
21:020  0:000  14. [(RP15 only) Rename _RMV to XRMV USB-C hot plug support]: disabled
21:020  0:000  15. [Rename XTBT to YTBT and use with SSDT-YTBT.aml for USB-C hot plug]: disabled
21:020  0:000  16. [Rename AC to ADP1 pair with SSDT-ADP1 - credit syscl]: disabled
21:020  0:000    0 replacements
21:020  0:000  Patching SSDT CB-01    Length=1310
21:020  0:000  0. [Change OSID to XSID (to avoid match against _OSI XOSI patch)]: pattern 4F534944, bin not found / already patched!
21:020  0:000  1. [Change _OSI to XOSI, use with SSDT-XOSI.aml]: pattern 5F4F5349, bin not found / already patched!
21:020  0:000  2. [Change _DSM to XDSM (needed for _DSM injections, e.g. for HDEF, IGPU)]: pattern 5F44534D, patched at: [ (B6) (1F8) ]
21:020  0:000  3. [Change ECDV to EC (so Mac OS knows about the Embedded Controller)]: pattern 45434456, bin not found / already patched!
21:020  0:000  4. [Change HDAS to HDEF (needed for audio)]: pattern 48444153, bin not found / already patched!
21:020  0:000  5. [Change HECI to IMEI (so Mac OS can natively use the Management Engine)]: pattern 48454349, bin not found / already patched!
21:020  0:000  6. [Change GFX0 to IGPU (needed for graphics)]: pattern 47465830, bin not found / already patched!
21:020  0:000  7. [Rename BRT6 to BRTX, use with SSDT-BRT6.aml, SSDT-PNLF.aml, AppleBacklightInjector.kext, and VoodooPS2Controller.kext to fix brightness keys]: disabled
21:020  0:000  8. [Rename method UPRW to XPRW and use with SSDT-UPRW.aml to fix USB "instant wake" on sleep]: disabled
21:020  0:000  9. [Rename method GPRW to YPRW and use with SSDT-UPRW.aml to fix USB "instant wake" on sleep]: disabled
21:020  0:000  10. [change GPI0 device _STA to XSTA]: pattern 5F535441, bin not found / already patched!
21:020  0:000  11. [change I2C devices _CRS to XCRS]: disabled
21:020  0:000  12. [Rename method _PTS to ZPTS and use with SSDT-PTSWAK.aml to fix dGPU power sapping]: disabled
21:020  0:000  13. [Rename method _WAK to ZWAK and use with SSDT-PTSWAK.aml to fix dGPU power sapping]: disabled
21:020  0:000  14. [(RP15 only) Rename _RMV to XRMV USB-C hot plug support]: disabled
21:020  0:000  15. [Rename XTBT to YTBT and use with SSDT-YTBT.aml for USB-C hot plug]: disabled
21:020  0:000  16. [Rename AC to ADP1 pair with SSDT-ADP1 - credit syscl]: disabled
21:020  0:000    0 replacements
21:020  0:000  Patching SSDT CB-01    Length=3908
21:020  0:000  0. [Change OSID to XSID (to avoid match against _OSI XOSI patch)]: pattern 4F534944, bin not found / already patched!
21:020  0:000  1. [Change _OSI to XOSI, use with SSDT-XOSI.aml]: pattern 5F4F5349, bin not found / already patched!
21:020  0:000  2. [Change _DSM to XDSM (needed for _DSM injections, e.g. for HDEF, IGPU)]: pattern 5F44534D, patched at: [ (992) ]
21:020  0:000  3. [Change ECDV to EC (so Mac OS knows about the Embedded Controller)]: pattern 45434456, bin not found / already patched!
21:020  0:000  4. [Change HDAS to HDEF (needed for audio)]: pattern 48444153, bin not found / already patched!
21:020  0:000  5. [Change HECI to IMEI (so Mac OS can natively use the Management Engine)]: pattern 48454349, bin not found / already patched!
21:020  0:000  6. [Change GFX0 to IGPU (needed for graphics)]: pattern 47465830, bin not found / already patched!
21:020  0:000  7. [Rename BRT6 to BRTX, use with SSDT-BRT6.aml, SSDT-PNLF.aml, AppleBacklightInjector.kext, and VoodooPS2Controller.kext to fix brightness keys]: disabled
21:020  0:000  8. [Rename method UPRW to XPRW and use with SSDT-UPRW.aml to fix USB "instant wake" on sleep]: disabled
21:020  0:000  9. [Rename method GPRW to YPRW and use with SSDT-UPRW.aml to fix USB "instant wake" on sleep]: disabled
21:020  0:000  10. [change GPI0 device _STA to XSTA]: pattern 5F535441, bin not found / already patched!
21:020  0:000  11. [change I2C devices _CRS to XCRS]: disabled
21:020  0:000  12. [Rename method _PTS to ZPTS and use with SSDT-PTSWAK.aml to fix dGPU power sapping]: disabled
21:020  0:000  13. [Rename method _WAK to ZWAK and use with SSDT-PTSWAK.aml to fix dGPU power sapping]: disabled
21:020  0:000  14. [(RP15 only) Rename _RMV to XRMV USB-C hot plug support]: disabled
21:020  0:000  15. [Rename XTBT to YTBT and use with SSDT-YTBT.aml for USB-C hot plug]: disabled
21:020  0:000  16. [Rename AC to ADP1 pair with SSDT-ADP1 - credit syscl]: disabled
21:020  0:000    0 replacements
21:020  0:000  Patching SSDT CB-01    Length=3806
21:020  0:000  0. [Change OSID to XSID (to avoid match against _OSI XOSI patch)]: pattern 4F534944, bin not found / already patched!
21:020  0:000  1. [Change _OSI to XOSI, use with SSDT-XOSI.aml]: pattern 5F4F5349, bin not found / already patched!
21:020  0:000  2. [Change _DSM to XDSM (needed for _DSM injections, e.g. for HDEF, IGPU)]: pattern 5F44534D, bin not found / already patched!
21:020  0:000  3. [Change ECDV to EC (so Mac OS knows about the Embedded Controller)]: pattern 45434456, bin not found / already patched!
21:020  0:000  4. [Change HDAS to HDEF (needed for audio)]: pattern 48444153, bin not found / already patched!
21:020  0:000  5. [Change HECI to IMEI (so Mac OS can natively use the Management Engine)]: pattern 48454349, bin not found / already patched!
21:020  0:000  6. [Change GFX0 to IGPU (needed for graphics)]: pattern 47465830, bin not found / already patched!
21:020  0:000  7. [Rename BRT6 to BRTX, use with SSDT-BRT6.aml, SSDT-PNLF.aml, AppleBacklightInjector.kext, and VoodooPS2Controller.kext to fix brightness keys]: disabled
21:020  0:000  8. [Rename method UPRW to XPRW and use with SSDT-UPRW.aml to fix USB "instant wake" on sleep]: disabled
21:020  0:000  9. [Rename method GPRW to YPRW and use with SSDT-UPRW.aml to fix USB "instant wake" on sleep]: disabled
21:020  0:000  10. [change GPI0 device _STA to XSTA]: pattern 5F535441, bin not found / already patched!
21:020  0:000  11. [change I2C devices _CRS to XCRS]: disabled
21:020  0:000  12. [Rename method _PTS to ZPTS and use with SSDT-PTSWAK.aml to fix dGPU power sapping]: disabled
21:020  0:000  13. [Rename method _WAK to ZWAK and use with SSDT-PTSWAK.aml to fix dGPU power sapping]: disabled
21:020  0:000  14. [(RP15 only) Rename _RMV to XRMV USB-C hot plug support]: disabled
21:020  0:000  15. [Rename XTBT to YTBT and use with SSDT-YTBT.aml for USB-C hot plug]: disabled
21:020  0:000  16. [Rename AC to ADP1 pair with SSDT-ADP1 - credit syscl]: disabled
21:020  0:000    0 replacements
21:020  0:000  Found OperationRegion(PNVS, SystemMemory, 3249B000, ...)
21:021  0:000  CPUBase=0 and ApicCPUBase=1 ApicCPUNum=8
21:021  0:000  Maximum control=0x14
21:021  0:000  Turbo control=0x28
21:021  0:000  P-States: min 0x4, max 0x28
21:021  0:000  SSDT with plugin-type without P-States is generated
21:021  0:000  Cleanup XSDT: count=29, length=268
21:021  0:000  corrected XSDT count=29, length=268
21:021  0:000  === [ RestSetup macOS ] ===================================
21:021  0:000  EdidDiscovered size=128
21:021  0:000  --- Discovered EDID Table size:128
21:021  0:000  000  |  00  FF  FF  FF  FF  FF  FF  00  30  E4
21:021  0:000  010  |  87  05  00  00  00  00  00  1A  01  04
21:021  0:000  020  |  A5  1F  11  78  EA  E3  F5  A3  51  47
21:021  0:000  030  |  9C  26  10  50  54  00  00  00  01  01
21:021  0:000  040  |  01  01  01  01  01  01  01  01  01  01
21:021  0:000  050  |  01  01  01  01  60  D1  00  B4  F0  70
21:021  0:000  060  |  3E  80  3C  24  35  00  35  AE  10  00
21:021  0:000  070  |  00  1A  00  00  00  00  00  00  00  00
21:021  0:000  080  |  00  00  00  00  00  00  00  00  00  00
21:021  0:000  090  |  00  00  00  FE  00  4C  47  20  44  69
21:021  0:000  100  |  73  70  6C  61  79  0A  20  20  00  00
21:021  0:000  110  |  00  FE  00  4C  50  31  33  39  55  44
21:021  0:000  120  |  31  2D  53  50  43  31  00  BC
21:021  0:000  add device: PciRoot(0x0)/Pci(0x2,0x0)
21:021  0:000     Add key=framebuffer-unifiedmem valuelen=4
21:021  0:000     Add key=framebuffer-patch-enable valuelen=4
21:021  0:000     Add key=framebuffer-con2-index valuelen=4
21:021  0:000     Add key=framebuffer-con2-enable valuelen=4
21:021  0:000     Add key=framebuffer-con2-busid valuelen=4
21:021  0:000     Add key=framebuffer-con1-pipe valuelen=4
21:021  0:000     Add key=framebuffer-con1-index valuelen=4
21:021  0:000     Add key=framebuffer-con1-enable valuelen=4
21:021  0:000     Add key=framebuffer-con1-busid valuelen=4
21:021  0:000     Add key=enable-hdmi20 valuelen=4
21:021  0:000     Add key=device-id valuelen=4
21:021  0:000     Add key=AAPL,ig-platform-id valuelen=4
21:021  0:000  Intel GFX injection not set
21:021  0:000   RCBA disabled; cannot use it
21:021  0:000  stringlength = 2576
21:021  0:000  CurrentMode: Width=3840 Height=2160
21:021  0:000  Beginning FSInjection
FSInjectionInstall ...
- Our FSI_SIMPLE_FILE_SYSTEM_PROTOCOL installed on handle: 373A4858
FSInjectionInstall ...
- Our FSI_SIMPLE_FILE_SYSTEM_PROTOCOL installed on handle: 373A4858
21:024  0:002  Remap smbios table type 1 guid.
21:025  0:000  Preparing kexts injection for arch=x86_64 from EFI\CLOVER\kexts\Other
21:025  0:000  Extra kext: EFI\CLOVER\kexts\Other\WhateverGreen.kext (v.1.3.5)
21:027  0:001  Extra kext: EFI\CLOVER\kexts\Other\VoodooPS2Controller.kext (v.1.9.2)
21:028  0:001    |-- PlugIn kext: EFI\CLOVER\kexts\Other\VoodooPS2Controller.kext\Contents\PlugIns\VoodooPS2Mouse.kext (v.1.9.2)
21:029  0:001    |-- PlugIn kext: EFI\CLOVER\kexts\Other\VoodooPS2Controller.kext\Contents\PlugIns\VoodooPS2Keyboard.kext (v.1.9.2)
21:031  0:001    |-- PlugIn kext: EFI\CLOVER\kexts\Other\VoodooPS2Controller.kext\Contents\PlugIns\VoodooPS2Trackpad.kext (v.1.9.2)
21:032  0:001  Extra kext: EFI\CLOVER\kexts\Other\VirtualSMC.kext (v.1.0.9)
21:034  0:001  Extra kext: EFI\CLOVER\kexts\Other\USBInjectAll.kext (v.0.7.1)
21:055  0:020  Extra kext: EFI\CLOVER\kexts\Other\NoTouchID.kext (v.1.0.2)
21:056  0:000  Extra kext: EFI\CLOVER\kexts\Other\Lilu.kext (v.1.4.0)
21:057  0:001  SetStartupDiskVolume:
21:057  0:000    * Volume: 'Yoga920'
21:057  0:000    * LoaderPath: '<null string>'
21:057  0:000    * DevPath: Yoga920
21:057  0:000    * GUID = 43924E8E-EEE3-43F8-BC5B-CEEFA6E22BCD
21:066  0:008    * efi-boot-device: <array><dict><key>IOMatch</key><dict><key>IOProviderClass</key><string>IOMedia</string><key>IOPropertyMatch</key><dict><key>UUID</key><string>43924E8E-EEE3-43F8-BC5B-CEEFA6E22BCD</string></dict></dict></dict></array>
21:067  0:000  SetScreenResolution: 3840x2160 - already set
21:067  0:000  Custom boot is disabled
21:068  0:000  Closing log
